<?xml version="1.0" encoding="UTF-8"?>
<!-- Generated by org.testng.reporters.JUnitReportReporter -->
<testsuite hostname="Chaitu-Laptop" failures="0" tests="1" name="com.planitselenium.au.TestCase2" time="4.615" errors="0" timestamp="2022-02-05T18:38:16 AEDT" skipped="0">
  <testcase classname="com.planitselenium.au.TestCase2" name="testAddTocart" time="4.615"/>
  <system-out/>
</testsuite> <!-- com.planitselenium.au.TestCase2 -->
