<?xml version="1.0" encoding="UTF-8"?>
<!-- Generated by org.testng.reporters.JUnitReportReporter -->
<testsuite hostname="Chaitu-Laptop" failures="0" tests="1" name="com.planit.au.TestCase1" time="4.024" errors="0" timestamp="2022-02-03T23:54:18 AEDT" skipped="0">
  <testcase classname="com.planit.au.TestCase1" name="testSubmitContactdetailsAndFeedBack" time="4.024"/>
  <system-out/>
</testsuite> <!-- com.planit.au.TestCase1 -->
