<?xml version="1.0" encoding="UTF-8"?>
<!-- Generated by org.testng.reporters.JUnitReportReporter -->
<testsuite hostname="Chaitu-Laptop" failures="0" tests="1" name="com.com.planit.au.TestCase1" time="3.775" errors="0" timestamp="2022-02-03T23:55:04 AEDT" skipped="0">
  <testcase classname="com.com.planit.au.TestCase1" name="testSubmitContactdetailsAndFeedBack" time="3.775"/>
  <system-out/>
</testsuite> <!-- com.com.planit.au.TestCase1 -->
