<?xml version="1.0" encoding="UTF-8"?>
<!-- Generated by org.testng.reporters.JUnitReportReporter -->
<testsuite hostname="Chaitu-Laptop" failures="0" tests="1" name="com.planitselenium.au.TestCase1" time="6.177" errors="0" timestamp="2022-02-05T18:35:11 AEDT" skipped="0">
  <testcase classname="com.planitselenium.au.TestCase1" name="testSubmitContactdetailsAndFeedBack" time="6.177"/>
  <system-out/>
</testsuite> <!-- com.planitselenium.au.TestCase1 -->
