<?xml version="1.0" encoding="UTF-8"?>
<!-- Generated by org.testng.reporters.JUnitReportReporter -->
<testsuite hostname="Chaitu-Laptop" failures="0" tests="1" name="com.planit.au.TestCase2" time="3.978" errors="0" timestamp="2022-02-03T23:23:41 AEDT" skipped="0">
  <testcase classname="com.planit.au.TestCase2" name="testAddTocart" time="3.978"/>
  <system-out/>
</testsuite> <!-- com.planit.au.TestCase2 -->
