<?xml version="1.0" encoding="UTF-8"?>
<!-- Generated by org.testng.reporters.JUnitReportReporter -->
<testsuite hostname="Chaitu-Laptop" failures="0" tests="1" name="com.planit.au.TestNGTestCase1" time="3.656" errors="0" timestamp="2022-02-03T21:16:18 AEDT" skipped="0">
  <testcase classname="com.planit.au.TestNGTestCase1" name="test" time="3.656"/>
  <system-out/>
</testsuite> <!-- com.planit.au.TestNGTestCase1 -->
