<?xml version="1.0" encoding="UTF-8"?>
<!-- Generated by org.testng.reporters.JUnitReportReporter -->
<testsuite hostname="Chaitu-Laptop" failures="0" tests="1" name="com.planitselenium.au.TestCase3" time="5.053" errors="0" timestamp="2022-02-05T18:40:02 AEDT" skipped="0">
  <testcase classname="com.planitselenium.au.TestCase3" name="addDifferentItemsToCart" time="5.053"/>
  <system-out/>
</testsuite> <!-- com.planitselenium.au.TestCase3 -->
